app/build/intermediates/manifest_merge_blame_file/debug/manifest-merger-blame-debug-report.txt
1<?xml version="1.0" encoding="utf-8"?>
2<manifest xmlns:android="http://schemas.android.com/apk/res/android"
3    package="com.azhar.quran"
4    android:versionCode="1"
5    android:versionName="1.0" >
6
7    <uses-sdk
8        android:minSdkVersion="21"
8-->src\main\AndroidManifest.xml
9        android:targetSdkVersion="29" />
9-->src\main\AndroidManifest.xml
10
11    <uses-permission android:name="android.permission.INTERNET" />
11-->src\main\AndroidManifest.xml:5:5-67
11-->src\main\AndroidManifest.xml:5:22-64
12    <uses-permission android:name="android.permission.ACCESS_NETWORK_STATE" />
12-->src\main\AndroidManifest.xml:6:5-79
12-->src\main\AndroidManifest.xml:6:22-76
13    <uses-permission android:name="android.permission.ACCESS_FINE_LOCATION" />
13-->src\main\AndroidManifest.xml:7:5-79
13-->src\main\AndroidManifest.xml:7:22-76
14    <uses-permission android:name="android.permission.ACCESS_COARSE_LOCATION" />
14-->src\main\AndroidManifest.xml:8:5-81
14-->src\main\AndroidManifest.xml:8:22-78
15
16    <uses-feature
16-->[com.google.android.gms:play-services-maps:17.0.0] AndroidManifest.xml:26:5-28:35
17        android:glEsVersion="0x00020000"
17-->[com.google.android.gms:play-services-maps:17.0.0] AndroidManifest.xml:27:9-41
18        android:required="true" />
18-->[com.google.android.gms:play-services-maps:17.0.0] AndroidManifest.xml:28:9-32
19
20    <application
20-->src\main\AndroidManifest.xml:10:5-37:19
21        android:allowBackup="true"
21-->src\main\AndroidManifest.xml:11:9-35
22        android:appComponentFactory="androidx.core.app.CoreComponentFactory"
22-->[androidx.core:core:1.3.0] AndroidManifest.xml:24:18-86
23        android:debuggable="true"
24        android:icon="@mipmap/ic_launcher"
24-->src\main\AndroidManifest.xml:12:9-43
25        android:label="@string/app_name"
25-->src\main\AndroidManifest.xml:13:9-41
26        android:roundIcon="@mipmap/ic_launcher_round"
26-->src\main\AndroidManifest.xml:14:9-54
27        android:supportsRtl="true"
27-->src\main\AndroidManifest.xml:15:9-35
28        android:theme="@style/AppTheme"
28-->src\main\AndroidManifest.xml:16:9-40
29        android:usesCleartextTraffic="true" >
29-->src\main\AndroidManifest.xml:17:9-44
30        <activity android:name="com.azhar.quran.activities.MasjidActivity" />
30-->src\main\AndroidManifest.xml:18:9-63
30-->src\main\AndroidManifest.xml:18:19-60
31        <activity android:name="com.azhar.quran.activities.DetailSurahActivity" />
31-->src\main\AndroidManifest.xml:19:9-68
31-->src\main\AndroidManifest.xml:19:19-65
32        <activity android:name="com.azhar.quran.activities.ListSurahActivity" >
32-->src\main\AndroidManifest.xml:20:9-26:20
32-->src\main\AndroidManifest.xml:20:19-63
33            <intent-filter>
33-->src\main\AndroidManifest.xml:21:13-25:29
34                <action android:name="android.intent.action.MAIN" />
34-->src\main\AndroidManifest.xml:22:17-69
34-->src\main\AndroidManifest.xml:22:25-66
35
36                <category android:name="android.intent.category.LAUNCHER" />
36-->src\main\AndroidManifest.xml:24:17-77
36-->src\main\AndroidManifest.xml:24:27-74
37            </intent-filter>
38        </activity>
39
40        <meta-data
40-->src\main\AndroidManifest.xml:28:9-30:69
41            android:name="com.google.android.gms.version"
41-->src\main\AndroidManifest.xml:29:13-58
42            android:value="@integer/google_play_services_version" />
42-->src\main\AndroidManifest.xml:30:13-66
43        <meta-data
43-->src\main\AndroidManifest.xml:31:9-33:55
44            android:name="com.google.android.geo.API_KEY"
44-->src\main\AndroidManifest.xml:32:13-58
45            android:value="@string/google_maps_key" />
45-->src\main\AndroidManifest.xml:33:13-52
46
47        <service
47-->src\main\AndroidManifest.xml:34:9-36:40
48            android:name="com.azhar.quran.utils.GetAddressIntentService"
48-->src\main\AndroidManifest.xml:35:13-58
49            android:exported="false" />
49-->src\main\AndroidManifest.xml:36:13-37
50        <!-- Needs to be explicitly declared on P+ -->
51        <uses-library
51-->[com.google.android.gms:play-services-maps:17.0.0] AndroidManifest.xml:33:9-35:40
52            android:name="org.apache.http.legacy"
52-->[com.google.android.gms:play-services-maps:17.0.0] AndroidManifest.xml:34:13-50
53            android:required="false" />
53-->[com.google.android.gms:play-services-maps:17.0.0] AndroidManifest.xml:35:13-37
54
55        <activity
55-->[com.google.android.gms:play-services-base:17.0.0] AndroidManifest.xml:23:9-26:75
56            android:name="com.google.android.gms.common.api.GoogleApiActivity"
56-->[com.google.android.gms:play-services-base:17.0.0] AndroidManifest.xml:24:13-79
57            android:exported="false"
57-->[com.google.android.gms:play-services-base:17.0.0] AndroidManifest.xml:25:13-37
58            android:theme="@android:style/Theme.Translucent.NoTitleBar" />
58-->[com.google.android.gms:play-services-base:17.0.0] AndroidManifest.xml:26:13-72
59    </application>
60
61</manifest>